<?xml version="1.0" encoding="UTF-8"?>
<!-- Generated by org.testng.reporters.JUnitReportReporter -->
<testsuite hostname="DESKTOP-SEL0MOP" name="TestCaseExecution.logintest" tests="1" failures="0" timestamp="21 Feb 2021 16:33:51 GMT" time="54.004" errors="0">
  <testcase name="TestCase_One" time="54.004" classname="TestCaseExecution.logintest"/>
</testsuite> <!-- TestCaseExecution.logintest -->
