<?xml version="1.0" encoding="UTF-8"?>
<!-- Generated by org.testng.reporters.JUnitReportReporter -->
<testsuite hostname="DESKTOP-SEL0MOP" name="tfk_project_POM.logintest" tests="1" failures="0" timestamp="29 Jan 2021 09:54:46 GMT" time="31.506" errors="0">
  <testcase name="TestCase_One" time="31.506" classname="tfk_project_POM.logintest"/>
</testsuite> <!-- tfk_project_POM.logintest -->
