<?xml version="1.0" encoding="UTF-8"?>
<!-- Generated by org.testng.reporters.JUnitReportReporter -->
<testsuite hostname="DESKTOP-SEL0MOP" name="tfk_project_POM.tkfsearchtest" tests="1" failures="0" timestamp="3 Feb 2021 09:04:30 GMT" time="49.315" errors="0">
  <testcase name="ResultPage" time="49.315" classname="tfk_project_POM.tkfsearchtest"/>
</testsuite> <!-- tfk_project_POM.tkfsearchtest -->
